<?xml version="1.0" encoding="UTF-8"?>
<testng-results ignored="0" total="1" passed="1" failed="0" skipped="0">
  <reporter-output>
  </reporter-output>
  <suite started-at="2021-09-11T17:22:24 IST" name="Suite" finished-at="2021-09-11T17:22:31 IST" duration-ms="6816">
    <groups>
    </groups>
    <test started-at="2021-09-11T17:22:24 IST" name="Test" finished-at="2021-09-11T17:22:31 IST" duration-ms="6816">
      <class name="Practise.Jenkins.testcase">
        <test-method signature="InvokeBrowser()[pri:0, instance:Practise.Jenkins.testcase@59d016c9]" started-at="2021-09-11T17:22:24 IST" name="InvokeBrowser" finished-at="2021-09-11T17:22:31 IST" duration-ms="6752" status="PASS">
          <reporter-output>
          </reporter-output>
        </test-method> <!-- InvokeBrowser -->
      </class> <!-- Practise.Jenkins.testcase -->
    </test> <!-- Test -->
  </suite> <!-- Suite -->
</testng-results>
