<?xml version="1.0" encoding="UTF-8"?>
<testng-results ignored="0" total="1" passed="1" failed="0" skipped="0">
  <reporter-output>
  </reporter-output>
  <suite started-at="2021-09-12T15:15:41 IST" name="Suite" finished-at="2021-09-12T15:15:56 IST" duration-ms="15396">
    <groups>
    </groups>
    <test started-at="2021-09-12T15:15:41 IST" name="Test" finished-at="2021-09-12T15:15:56 IST" duration-ms="15396">
      <class name="Jenkins.practise.testcase">
        <test-method signature="InvokeBrowser()[pri:0, instance:Jenkins.practise.testcase@41fecb8b]" started-at="2021-09-12T15:15:41 IST" name="InvokeBrowser" finished-at="2021-09-12T15:15:56 IST" duration-ms="15328" status="PASS">
          <reporter-output>
          </reporter-output>
        </test-method> <!-- InvokeBrowser -->
      </class> <!-- Jenkins.practise.testcase -->
    </test> <!-- Test -->
  </suite> <!-- Suite -->
</testng-results>
